Compiled with CC = call dostl /silent
INCLUDE = e:\STLport-4.0\stlport;e:\VC98\ATL\INCLUDE;e:\VC98\INCLUDE;e:\VC98\MFC\INCLUDE;

Running: cl /silent 0.cpp
0.cpp

Running: cl /silent 2-1.cpp
2-1.cpp

Running: cl /silent 2-2.cpp
2-2.cpp

Running: cl /silent 2-3.cpp
2-3.cpp

Running: cl /silent 2-4.cpp
2-4.cpp

Running: cl /silent 2-5.cpp
2-5.cpp

Running: cl /silent 3-1.cpp
3-1.cpp

Running: cl /silent 4-1.cpp
4-1.cpp

Running: cl /silent 5-1.cpp
5-1.cpp

Running: cl /silent 5-2.cpp
5-2.cpp

Running: cl /silent 6-1.cpp
6-1.cpp
e:\VC98\INCLUDE\xlocnum(268) : error C2587: '_U' : illegal use of local variable as default parameter
        e:\VC98\INCLUDE\xlocnum(267) : see declaration of '_U'
        e:\VC98\INCLUDE\xlocnum(263) : while compiling class-template member function 'istreambuf_iter<char,char_traits<char>> num_get<char,istreambuf_iter<char,char_traits<char>>>::do_get(istreambuf_iter<char,char_traits<char>>,istreambuf_iter<char,char_traits<char>>,ios_base &,int &,void *& ) const'
e:\VC98\INCLUDE\xlocnum(268) : error C2228: left of '._Lo' must have class/struct/union type
        e:\VC98\INCLUDE\xlocnum(263) : while compiling class-template member function 'istreambuf_iter<char,char_traits<char>> num_get<char,istreambuf_iter<char,char_traits<char>>>::do_get(istreambuf_iter<char,char_traits<char>>,istreambuf_iter<char,char_traits<char>>,ios_base &,int &,void *& ) const'
e:\VC98\INCLUDE\xlocnum(269) : error C2587: '_I' : illegal use of local variable as default parameter
        e:\VC98\INCLUDE\xlocnum(269) : see declaration of '_I'
        e:\VC98\INCLUDE\xlocnum(263) : while compiling class-template member function 'istreambuf_iter<char,char_traits<char>> num_get<char,istreambuf_iter<char,char_traits<char>>>::do_get(istreambuf_iter<char,char_traits<char>>,istreambuf_iter<char,char_traits<char>>,ios_base &,int &,void *& ) const'
e:\VC98\INCLUDE\xlocnum(269) : error C2587: '_F' : illegal use of local variable as default parameter
        e:\VC98\INCLUDE\xlocnum(261) : see declaration of '_F'
        e:\VC98\INCLUDE\xlocnum(263) : while compiling class-template member function 'istreambuf_iter<char,char_traits<char>> num_get<char,istreambuf_iter<char,char_traits<char>>>::do_get(istreambuf_iter<char,char_traits<char>>,istreambuf_iter<char,char_traits<char>>,ios_base &,int &,void *& ) const'
e:\VC98\INCLUDE\xlocnum(272) : error C2587: '_U' : illegal use of local variable as default parameter
        e:\VC98\INCLUDE\xlocnum(267) : see declaration of '_U'
        e:\VC98\INCLUDE\xlocnum(263) : while compiling class-template member function 'istreambuf_iter<char,char_traits<char>> num_get<char,istreambuf_iter<char,char_traits<char>>>::do_get(istreambuf_iter<char,char_traits<char>>,istreambuf_iter<char,char_traits<char>>,ios_base &,int &,void *& ) const'
e:\VC98\INCLUDE\xlocnum(272) : error C2228: left of '._Lo' must have class/struct/union type
        e:\VC98\INCLUDE\xlocnum(263) : while compiling class-template member function 'istreambuf_iter<char,char_traits<char>> num_get<char,istreambuf_iter<char,char_traits<char>>>::do_get(istreambuf_iter<char,char_traits<char>>,istreambuf_iter<char,char_traits<char>>,ios_base &,int &,void *& ) const'
e:\VC98\INCLUDE\xlocnum(272) : error C2587: '_I' : illegal use of local variable as default parameter
        e:\VC98\INCLUDE\xlocnum(269) : see declaration of '_I'
        e:\VC98\INCLUDE\xlocnum(263) : while compiling class-template member function 'istreambuf_iter<char,char_traits<char>> num_get<char,istreambuf_iter<char,char_traits<char>>>::do_get(istreambuf_iter<char,char_traits<char>>,istreambuf_iter<char,char_traits<char>>,ios_base &,int &,void *& ) const'
e:\VC98\INCLUDE\xlocnum(272) : error C2587: '_Ac' : illegal use of local variable as default parameter
        e:\VC98\INCLUDE\xlocnum(270) : see declaration of '_Ac'
        e:\VC98\INCLUDE\xlocnum(263) : while compiling class-template member function 'istreambuf_iter<char,char_traits<char>> num_get<char,istreambuf_iter<char,char_traits<char>>>::do_get(istreambuf_iter<char,char_traits<char>>,istreambuf_iter<char,char_traits<char>>,ios_base &,int &,void *& ) const'
e:\VC98\INCLUDE\xlocnum(272) : error C2587: '_Ep' : illegal use of local variable as default parameter
        e:\VC98\INCLUDE\xlocnum(270) : see declaration of '_Ep'
        e:\VC98\INCLUDE\xlocnum(263) : while compiling class-template member function 'istreambuf_iter<char,char_traits<char>> num_get<char,istreambuf_iter<char,char_traits<char>>>::do_get(istreambuf_iter<char,char_traits<char>>,istreambuf_iter<char,char_traits<char>>,ios_base &,int &,void *& ) const'
e:\VC98\INCLUDE\xlocnum(273) : error C2587: 'this' : illegal use of local variable as default parameter
        e:\VC98\INCLUDE\xlocnum(263) : see declaration of 'this'
        e:\VC98\INCLUDE\xlocnum(263) : while compiling class-template member function 'istreambuf_iter<char,char_traits<char>> num_get<char,istreambuf_iter<char,char_traits<char>>>::do_get(istreambuf_iter<char,char_traits<char>>,istreambuf_iter<char,char_traits<char>>,ios_base &,int &,void *& ) const'
e:\VC98\INCLUDE\xlocnum(273) : fatal error C1903: unable to recover from previous error(s); stopping compilation
        e:\VC98\INCLUDE\xlocnum(263) : while compiling class-template member function 'istreambuf_iter<char,char_traits<char>> num_get<char,istreambuf_iter<char,char_traits<char>>>::do_get(istreambuf_iter<char,char_traits<char>>,istreambuf_iter<char,char_traits<char>>,ios_base &,int &,void *& ) const'

Running: cl /silent 7-1.cpp
7-1.cpp

Running: cl /silent 7-2.cpp
7-2.cpp

Running: cl /silent 7-3.cpp
7-3.cpp ----- VC bug ----
7-3.cpp(23) : error C2665: 'delete' : none of the 2 overloads can convert parameter 1 from type 'const Widget *'
        7-3.cpp(23) : while compiling class-template member function 'void DeleteObject<Widget>::operator ()(const Widget *) const'

Running: cl /silent 7-4.cpp
7-4.cpp

Running: cl /silent 7-5.cpp
7-5.cpp

Running: cl /silent 7-6.cpp
7-6.cpp  ---- OK ------
7-6.cpp(10) : fatal error C1083: Cannot open include file: 'boost/smart_ptr.hpp': No such file or directory

Running: cl /silent 8-1.cpp
8-1.cpp

Running: cl /silent 8-2.cpp
8-2.cpp

Running: cl /silent 9-1.cpp
9-1.cpp

Running: cl /silent 9-2.cpp
9-2.cpp

Running: cl /silent 9-3.cpp
9-3.cpp

Running: cl /silent 9-4.cpp
9-4.cpp

Running: cl /silent 10-1.cpp
10-1.cpp

Running: cl /silent 11-1.cpp
11-1.cpp

Running: cl /silent 12-1.cpp
12-1.cpp

Running: cl /silent 12-2.cpp
12-2.cpp

Running: cl /silent 14-1.cpp
14-1.cpp

Running: cl /silent 16-1.cpp
16-1.cpp

Running: cl /silent 16-2.cpp
16-2.cpp

Running: cl /silent 16-3.cpp
16-3.cpp

Running: cl /silent 17-1.cpp
17-1.cpp

Running: cl /silent 18-1.cpp

18-1.cpp ------------ On purpose ---------------
18-1.cpp(25) : error C2440: 'initializing' : cannot convert from '__Bit_reference *' to 'bool *'
        Types pointed to are unrelated; conversion requires reinterpret_cast, C-style cast or function-style cast

Running: cl /silent 19-1.cpp
19-1.cpp

Running: cl /silent 20-1.cpp
20-1.cpp

Running: cl /silent 20-2.cpp
20-2.cpp

Running: cl /silent 21-1.cpp
21-1.cpp

Running: cl /silent 21-2.cpp
21-2.cpp

Running: cl /silent 21-3.cpp
21-3.cpp

Running: cl /silent 21-4.cpp
21-4.cpp

Running: cl /silent 22-1.cpp

22-1.cpp ------ On purpose -------------
22-1.cpp(22) : error C2166: l-value specifies const object
22-1.cpp(30) : error C2166: l-value specifies const object

Running: cl /silent 22-2.cpp
22-2.cpp

Running: cl /silent 23-1.cpp
23-1.cpp

Running: cl /silent 23-2.cpp
23-2.cpp

Running: cl /silent 24-1.cpp
24-1.cpp

Running: cl /silent 25-1.cpp
25-1.cpp

Running: cl /silent 26-1.cpp
26-1.cpp

Running: cl /silent 27-1.cpp
27-1.cpp

Running: cl /silent 28-1.cpp
28-1.cpp

Running: cl /silent 29-1.cpp
29-1.cpp ---- vc++ member template issue ---------
e:\STLport-4.0\stlport\stl/_string.h(422) : error C2784: '_input_iter_tag _iter_category(const _istream_iter<_Tp,_CharT,_Traits,_Dist> &)' : could not deduce template argument for 'const _istream_iter<_Tp,_CharT,_Traits,_Dist> &' from 'istreambuf_iter<char,char_traits<char>>'
        e:\STLport-4.0\stlport\stl/_string.h(435) : see reference to function template instantiation 'void string::_M_range_initialize(istreambuf_iter<char,char_traits<char>>,istreambuf_iter<char,char_traits<char>>)' being compiled
e:\STLport-4.0\stlport\stl/_string.h(422) : error C2784: '_input_iter_tag _iter_category(const _istream_iter<_Tp,_CharT,_Traits,_Dist> &)' : could not deduce template argument for 'const _istream_iter<_Tp,_CharT,_Traits,_Dist> &' from 'istreambuf_iter<char,char_traits<char>>'
        e:\STLport-4.0\stlport\stl/_string.h(435) : see reference to function template instantiation 'void string::_M_range_initialize(istreambuf_iter<char,char_traits<char>>,istreambuf_iter<char,char_traits<char>>)' being compiled
e:\STLport-4.0\stlport\stl/_string.h(422) : error C2784: '_output_iter_tag _iter_category(const _ostream_iter<_TpP,_CharT,_Traits> &)' : could not deduce template argument for 'const _ostream_iter<_TpP,_CharT,_Traits> &' from 'istreambuf_iter<char,char_traits<char>>'
        e:\STLport-4.0\stlport\stl/_string.h(435) : see reference to function template instantiation 'void string::_M_range_initialize(istreambuf_iter<char,char_traits<char>>,istreambuf_iter<char,char_traits<char>>)' being compiled
e:\STLport-4.0\stlport\stl/_string.h(422) : error C2784: '_output_iter_tag _iter_category(const _ostream_iter<_TpP,_CharT,_Traits> &)' : could not deduce template argument for 'const _ostream_iter<_TpP,_CharT,_Traits> &' from 'istreambuf_iter<char,char_traits<char>>'
        e:\STLport-4.0\stlport\stl/_string.h(435) : see reference to function template instantiation 'void string::_M_range_initialize(istreambuf_iter<char,char_traits<char>>,istreambuf_iter<char,char_traits<char>>)' being compiled
e:\STLport-4.0\stlport\stl/_string.h(422) : error C2784: '_output_iter_tag _iter_category(const _insert_iter<_Container> &)' : could not deduce template argument for 'const _insert_iter<_Container> &' from 'istreambuf_iter<char,char_traits<char>>'
        e:\STLport-4.0\stlport\stl/_string.h(435) : see reference to function template instantiation 'void string::_M_range_initialize(istreambuf_iter<char,char_traits<char>>,istreambuf_iter<char,char_traits<char>>)' being compiled
e:\STLport-4.0\stlport\stl/_string.h(422) : error C2784: '_output_iter_tag _iter_category(const _insert_iter<_Container> &)' : could not deduce template argument for 'const _insert_iter<_Container> &' from 'istreambuf_iter<char,char_traits<char>>'
        e:\STLport-4.0\stlport\stl/_string.h(435) : see reference to function template instantiation 'void string::_M_range_initialize(istreambuf_iter<char,char_traits<char>>,istreambuf_iter<char,char_traits<char>>)' being compiled
e:\STLport-4.0\stlport\stl/_string.h(422) : error C2784: '_output_iter_tag _iter_category(const _front_insert_iter<_Container> &)' : could not deduce template argument for 'const _front_insert_iter<_Container> &' from 'istreambuf_iter<char,char_traits<char>>'
        e:\STLport-4.0\stlport\stl/_string.h(435) : see reference to function template instantiation 'void string::_M_range_initialize(istreambuf_iter<char,char_traits<char>>,istreambuf_iter<char,char_traits<char>>)' being compiled
e:\STLport-4.0\stlport\stl/_string.h(422) : error C2784: '_output_iter_tag _iter_category(const _front_insert_iter<_Container> &)' : could not deduce template argument for 'const _front_insert_iter<_Container> &' from 'istreambuf_iter<char,char_traits<char>>'
        e:\STLport-4.0\stlport\stl/_string.h(435) : see reference to function template instantiation 'void string::_M_range_initialize(istreambuf_iter<char,char_traits<char>>,istreambuf_iter<char,char_traits<char>>)' being compiled
e:\STLport-4.0\stlport\stl/_string.h(422) : error C2784: '_output_iter_tag _iter_category(const _back_insert_iter<_Container> &)' : could not deduce template argument for 'const _back_insert_iter<_Container> &' from 'istreambuf_iter<char,char_traits<char>>'
        e:\STLport-4.0\stlport\stl/_string.h(435) : see reference to function template instantiation 'void string::_M_range_initialize(istreambuf_iter<char,char_traits<char>>,istreambuf_iter<char,char_traits<char>>)' being compiled
e:\STLport-4.0\stlport\stl/_string.h(422) : error C2784: '_output_iter_tag _iter_category(const _back_insert_iter<_Container> &)' : could not deduce template argument for 'const _back_insert_iter<_Container> &' from 'istreambuf_iter<char,char_traits<char>>'
        e:\STLport-4.0\stlport\stl/_string.h(435) : see reference to function template instantiation 'void string::_M_range_initialize(istreambuf_iter<char,char_traits<char>>,istreambuf_iter<char,char_traits<char>>)' being compiled
e:\STLport-4.0\stlport\stl/_string.h(422) : error C2784: '_random_access_iter_tag _iter_category(const _reverse_iter<_RandomAccessIterator,_Tp,_Reference,_Pointer,_Distance> &)' : could not deduce template argument for 'const _reverse_iter<_RandomAccessIterator,_Tp,_Reference,_Pointer,_Distance> &' from 'istreambuf_iter<char,char_traits<char>>'
        e:\STLport-4.0\stlport\stl/_string.h(435) : see reference to function template instantiation 'void string::_M_range_initialize(istreambuf_iter<char,char_traits<char>>,istreambuf_iter<char,char_traits<char>>)' being compiled
e:\STLport-4.0\stlport\stl/_string.h(422) : error C2784: '_random_access_iter_tag _iter_category(const _reverse_iter<_RandomAccessIterator,_Tp,_Reference,_Pointer,_Distance> &)' : could not deduce template argument for 'const _reverse_iter<_RandomAccessIterator,_Tp,_Reference,_Pointer,_Distance> &' from 'istreambuf_iter<char,char_traits<char>>'
        e:\STLport-4.0\stlport\stl/_string.h(435) : see reference to function template instantiation 'void string::_M_range_initialize(istreambuf_iter<char,char_traits<char>>,istreambuf_iter<char,char_traits<char>>)' being compiled
e:\STLport-4.0\stlport\stl/_string.h(422) : error C2784: '_bidirectional_iter_tag _iter_category(const _reverse_bidirectional_iter<_BidirectionalIterator,_Tp,_Reference,_Pointer,_Distance> &)' : could not deduce template argument for 'const _reverse_bidirectional_iter<_BidirectionalIterator,_Tp,_Reference,_Pointer,_Distance> &' from 'istreambuf_iter<char,char_traits<char>>'
        e:\STLport-4.0\stlport\stl/_string.h(435) : see reference to function template instantiation 'void string::_M_range_initialize(istreambuf_iter<char,char_traits<char>>,istreambuf_iter<char,char_traits<char>>)' being compiled
e:\STLport-4.0\stlport\stl/_string.h(422) : error C2784: '_bidirectional_iter_tag _iter_category(const _reverse_bidirectional_iter<_BidirectionalIterator,_Tp,_Reference,_Pointer,_Distance> &)' : could not deduce template argument for 'const _reverse_bidirectional_iter<_BidirectionalIterator,_Tp,_Reference,_Pointer,_Distance> &' from 'istreambuf_iter<char,char_traits<char>>'
        e:\STLport-4.0\stlport\stl/_string.h(435) : see reference to function template instantiation 'void string::_M_range_initialize(istreambuf_iter<char,char_traits<char>>,istreambuf_iter<char,char_traits<char>>)' being compiled
e:\STLport-4.0\stlport\stl/_string.h(422) : error C2784: '_output_iter_tag _iter_category(const _raw_storage_iter<_ForwardIterator,_Tp> &)' : could not deduce template argument for 'const _raw_storage_iter<_ForwardIterator,_Tp> &' from 'istreambuf_iter<char,char_traits<char>>'
        e:\STLport-4.0\stlport\stl/_string.h(435) : see reference to function template instantiation 'void string::_M_range_initialize(istreambuf_iter<char,char_traits<char>>,istreambuf_iter<char,char_traits<char>>)' being compiled
e:\STLport-4.0\stlport\stl/_string.h(422) : error C2784: '_output_iter_tag _iter_category(const _raw_storage_iter<_ForwardIterator,_Tp> &)' : could not deduce template argument for 'const _raw_storage_iter<_ForwardIterator,_Tp> &' from 'istreambuf_iter<char,char_traits<char>>'
        e:\STLport-4.0\stlport\stl/_string.h(435) : see reference to function template instantiation 'void string::_M_range_initialize(istreambuf_iter<char,char_traits<char>>,istreambuf_iter<char,char_traits<char>>)' being compiled
e:\STLport-4.0\stlport\stl/_string.h(422) : error C2784: '_random_access_iter_tag _iter_category(const _Tp *)' : could not deduce template argument for 'const  *' from 'istreambuf_iter<char,char_traits<char>>'
        e:\STLport-4.0\stlport\stl/_string.h(435) : see reference to function template instantiation 'void string::_M_range_initialize(istreambuf_iter<char,char_traits<char>>,istreambuf_iter<char,char_traits<char>>)' being compiled
e:\STLport-4.0\stlport\stl/_string.h(422) : error C2784: '_Category _iter_category(const _iter<_Category,_Tp,_Distance,_Pointer,_Reference> &)' : could not deduce template argument for 'const _iter<_Category,_Tp,_Distance,_Pointer,_Reference> &' from 'istreambuf_iter<char,char_traits<char>>'
        e:\STLport-4.0\stlport\stl/_string.h(435) : see reference to function template instantiation 'void string::_M_range_initialize(istreambuf_iter<char,char_traits<char>>,istreambuf_iter<char,char_traits<char>>)' being compiled
e:\STLport-4.0\stlport\stl/_string.h(422) : error C2784: '_Category _iter_category(const _iter<_Category,_Tp,_Distance,_Pointer,_Reference> &)' : could not deduce template argument for 'const _iter<_Category,_Tp,_Distance,_Pointer,_Reference> &' from 'istreambuf_iter<char,char_traits<char>>'
        e:\STLport-4.0\stlport\stl/_string.h(435) : see reference to function template instantiation 'void string::_M_range_initialize(istreambuf_iter<char,char_traits<char>>,istreambuf_iter<char,char_traits<char>>)' being compiled
e:\STLport-4.0\stlport\stl/_string.h(422) : error C2780: 'void string::_M_range_initialize(,)' : expects 2 arguments - 4 provided
        e:\STLport-4.0\stlport\stl/_string.h(416) : see declaration of '_M_range_initialize'
        e:\STLport-4.0\stlport\stl/_string.h(435) : see reference to function template instantiation 'void string::_M_range_initialize(istreambuf_iter<char,char_traits<char>>,istreambuf_iter<char,char_traits<char>>)' being compiled

Running: cl /silent 30-1.cpp
30-1.cpp

Running: cl /silent 31-1.cpp
31-1.cpp

Running: cl /silent 32-1.cpp
32-1.cpp

Running: cl /silent 33-1.cpp
33-1.cpp -------- OK -------------
smart_ptr.h(52) : fatal error C1083: Cannot open include file: 'boost/config.hpp': No such file or directory

Running: cl /silent 34-1.cpp
34-1.cpp

Running: cl /silent 35-1.cpp
35-1.cpp

Running: cl /silent 35-2.cpp
35-2.cpp

Running: cl /silent 35-3.cpp
35-3.cpp

Running: cl /silent 36-1.cpp
36-1.cpp

Running: cl /silent 37-1.cpp
37-1.cpp

Running: cl /silent 37-2.cpp
37-2.cpp

Running: cl /silent 37-3.cpp
37-3.cpp

Running: cl /silent 37-4.cpp
37-4.cpp

Running: cl /silent 38-1.cpp
38-1.cpp

Running: cl /silent 39-1.cpp
39-1.cpp

Running: cl /silent 40-1.cpp
40-1.cpp

Running: cl /silent 41-1.cpp
41-1.cpp

Running: cl /silent 42-1.cpp
42-1.cpp

Running: cl /silent 43-1.cpp
43-1.cpp

Running: cl /silent 43-2.cpp
43-2.cpp ---- OK, just need to remove compose.h header file ------------
compose.h(27) : error C2953: 'unary_compose' : template has already been defined
        compose.h(27) : see declaration of 'unary_compose'
compose.h(34) : error C2995: 'compose1' : template function has already been defined
        e:\STLport-4.0\stlport\stl/_function.h(295) : see declaration of 'compose1'
compose.h(52) : error C2953: 'binary_compose' : template has already been defined
        compose.h(52) : see declaration of 'binary_compose'
compose.h(61) : error C2995: 'compose2' : template function has already been defined
        e:\STLport-4.0\stlport\stl/_function.h(320) : see declaration of 'compose2'

Running: cl /silent 44-1.cpp
44-1.cpp

Running: cl /silent 45-1.cpp
45-1.cpp

Running: cl /silent 45-2.cpp
45-2.cpp

Running: cl /silent 46-1.cpp
46-1.cpp

Running: cl /silent 47-1.cpp
47-1.cpp

Running: cl /silent 48-1.cpp
48-1.cpp

Running: cl /silent 49-1.cpp
49-1.cpp --------- On purpose -----------------
e:\STLport-4.0\stlport\stl/_algo.h(638) : error C2784: '_Distance _operator -(const _reverse_iter<_RandomAccessIterator,_Tp,_Reference,_Pointer,_Distance> &,const _reverse_iter<_RandomAccessIterator,_Tp,_Reference,_Pointer,_Distance> &)' : could not deduce template argument for 'const _reverse_iter<_RandomAccessIterator,_Tp,_Reference,_Pointer,_Distance> &' from '__List_iter<int,__Nonconst_traits<int>>'
        49-1.cpp(44) : see reference to function template instantiation 'void _sort(__List_iter<int,__Nonconst_traits<int>>,__List_iter<int,__Nonconst_traits<int>>)' being compiled
e:\STLport-4.0\stlport\stl/_algo.h(638) : error C2784: '_Distance _operator -(const _reverse_iter<_RandomAccessIterator,_Tp,_Reference,_Pointer,_Distance> &,const _reverse_iter<_RandomAccessIterator,_Tp,_Reference,_Pointer,_Distance> &)' : could not deduce template argument for 'const _reverse_iter<_RandomAccessIterator,_Tp,_Reference,_Pointer,_Distance> &' from '__List_iter<int,__Nonconst_traits<int>>'
        49-1.cpp(44) : see reference to function template instantiation 'void _sort(__List_iter<int,__Nonconst_traits<int>>,__List_iter<int,__Nonconst_traits<int>>)' being compiled
e:\STLport-4.0\stlport\stl/_algo.h(638) : error C2676: binary '-' : '__List_iter<int,__Nonconst_traits<int>>' does not define this operator or a conversion to a type acceptable to the predefined operator
        49-1.cpp(44) : see reference to function template instantiation 'void _sort(__List_iter<int,__Nonconst_traits<int>>,__List_iter<int,__Nonconst_traits<int>>)' being compiled
e:\STLport-4.0\stlport\stl/_algo.h(638) : error C2780: 'void ___introsort_loop(_RandomAccessIter,_RandomAccessIter,_Tp *,_Size,_Compare)' : expects 5 arguments - 4 provided
        e:\STLport-4.0\stlport\stl/_algo.h(627) : see declaration of '__introsort_loop'
        49-1.cpp(44) : see reference to function template instantiation 'void _sort(__List_iter<int,__Nonconst_traits<int>>,__List_iter<int,__Nonconst_traits<int>>)' being compiled

Running: cl /silent 50-1.cpp
50-1.cpp

Running: cl /silent 50-2.cpp
50-2.cpp

Running: cl /silent 50-3.cpp

50-3.cpp -------------- On purpose -----------------
e:\STLport-4.0\stlport\stl/_function.h(258) : warning C4181: qualifier applied to reference type ignored
e:\STLport-4.0\stlport\stl/_function.h(257) : error C2529: '<Unknown>' : reference to reference is illegal

Running: cl /silent a-1.cpp

a-1.cpp --------- Not worrying about it -----------
a-1.cpp(19) : error C2039: 'toupper' : is not a member of '_STL'
a-1.cpp(20) : error C2039: 'toupper' : is not a member of '_STL'
a-1.cpp(28) : error C2039: 'ctype' : is not a member of '_STL'
a-1.cpp(28) : error C2143: syntax error : missing ';' before '<'
a-1.cpp(28) : error C2059: syntax error : '<'
a-1.cpp(28) : error C2238: unexpected token(s) preceding ';'
a-1.cpp(29) : error C2039: 'ctype' : is not a member of '_STL'
a-1.cpp(29) : error C2629: unexpected 'lt_str_1::lt_char ('
a-1.cpp(29) : error C2334: unexpected token(s) preceding ':'; skipping apparent function body
a-1.cpp(34) : error C2039: 'locale' : is not a member of '_STL'
a-1.cpp(34) : error C2146: syntax error : missing ';' before identifier 'loc'
a-1.cpp(34) : error C2501: 'locale' : missing storage-or type specifiers
a-1.cpp(34) : error C2501: 'loc' : missing storage-or type specifiers
a-1.cpp(35) : error C2039: 'ctype' : is not a member of '_STL'
a-1.cpp(35) : error C2143: syntax error : missing ';' before '<'
a-1.cpp(35) : error C2059: syntax error : '<'
a-1.cpp(35) : error C2238: unexpected token(s) preceding ';'
a-1.cpp(36) : error C2039: 'locale' : is not a member of '_STL'
a-1.cpp(36) : error C2039: 'locale' : is not a member of '_STL'
a-1.cpp(36) : error C2629: unexpected 'lt_str_1 ('
a-1.cpp(36) : error C2334: unexpected token(s) preceding ':'; skipping apparent function body
a-1.cpp(102) : error C2039: 'locale' : is not a member of '_STL'
a-1.cpp(102) : error C2065: 'locale' : undeclared identifier
a-1.cpp(102) : error C2146: syntax error : missing ';' before identifier 'L'
a-1.cpp(102) : error C2065: 'L' : undeclared identifier
a-1.cpp(102) : error C2039: 'locale' : is not a member of '_STL'
a-1.cpp(102) : error C2065: 'classic' : undeclared identifier
a-1.cpp(105) : error C2039: 'ctype' : is not a member of '_STL'
a-1.cpp(105) : error C2143: syntax error : missing ';' before '<'
a-1.cpp(105) : error C2734: 'ctype' : const object must be initialized if not extern
a-1.cpp(105) : error C2143: syntax error : missing ';' before '<'
a-1.cpp(105) : fatal error C1903: unable to recover from previous error(s); stopping compilation

Running: cl /silent b-1.cpp
b-1.cpp

Running: cl /silent b-2.cpp
b-2.cpp
